<?xml version="1.0" encoding="UTF-8"?>
<!-- Generated by org.testng.reporters.JUnitReportReporter -->
<testsuite hostname="DESKTOP-1EB9D9D" failures="0" tests="1" name="cucumberOptions.TestNG_TestRunner" time="8.587" errors="0" timestamp="2023-07-18T15:34:45 IST" skipped="0">
  <testcase classname="cucumberOptions.TestNG_TestRunner" name="runScenario" time="8.587"/>
  <system-out/>
</testsuite> <!-- cucumberOptions.TestNG_TestRunner -->
